<?xml version="1.0" encoding="UTF-8"?>
<!-- Generated by org.testng.reporters.JUnitReportReporter -->
<testsuite hostname="DESKTOP-QMEBHNC" failures="0" tests="1" name="com.demoqa.tests.PracticeFormTest" time="9.984" errors="0" timestamp="2024-04-18T12:22:38 MESZ" skipped="0">
  <testcase classname="com.demoqa.tests.PracticeFormTest" name="createStudentAccountTest" time="9.984"/>
</testsuite> <!-- com.demoqa.tests.PracticeFormTest -->
